Satellite 1 position is : 0
Satellite 2 position is : 0
SAT: 1
CASE 6: satellite 1 is iddle 
SAT: 2
CASE 5: Satellite 2 is turning 
Satellite 1 position is : 1
Satellite 2 position is : 1
SAT: 1
CASE 1: observation 1 is measured by satellite 1 
SAT: 2
CASE 5: Satellite 2 is turning 
Satellite 1 position is : 2
Satellite 2 position is : 2
SAT: 1
Charging with energy: 1
CASE 4: Satellite 1 is charging 
SAT: 2
CASE 6: satellite 2 is iddle 
Satellite 1 position is : 3
Satellite 2 position is : 3
SAT: 1
CASE 3: observation 1 is downlinked by satellite 1 
SAT: 2
Satellite 1 position is : 4
Satellite 2 position is : 4
SAT: 1
Charging with energy: 1
CASE 4: Satellite 1 is charging 
SAT: 2
CASE 5: Satellite 2 is turning 
Satellite 1 position is : 5
Satellite 2 position is : 5
SAT: 1
CASE 6: satellite 1 is iddle 
SAT: 2
CASE 5: Satellite 2 is turning 
Satellite 1 position is : 6
Satellite 2 position is : 6
SAT: 1
CASE 6: satellite 1 is iddle 
SAT: 2
CASE 5: Satellite 2 is turning 
Satellite 1 position is : 7
Satellite 2 position is : 7
SAT: 1
CASE 6: satellite 1 is iddle 
SAT: 2
CASE 5: Satellite 2 is turning 
Satellite 1 position is : 8
Satellite 2 position is : 8
SAT: 1
CASE 6: satellite 1 is iddle 
SAT: 2
CASE 5: Satellite 2 is turning 
Satellite 1 position is : 9
Satellite 2 position is : 9
SAT: 1
CASE 6: satellite 1 is iddle 
SAT: 2
CASE 5: Satellite 2 is turning 
Satellite 1 position is : 10
Satellite 2 position is : 10
SAT: 1
CASE 6: satellite 1 is iddle 
SAT: 2
Charging with energy: 1
CASE 4: Satellite 2 is charging 
Satellite 1 position is : 11
Satellite 2 position is : 11
SAT: 1
CASE 6: satellite 1 is iddle 
SAT: 2
CASE 5: Satellite 2 is turning 
Satellite 1 position is : 12
Satellite 2 position is : 12
Satellite 1 position is : 13
Satellite 2 position is : 13
Satellite 1 position is : 14
Satellite 2 position is : 14
Satellite 1 position is : 15
Satellite 2 position is : 15
Satellite 1 position is : 16
Satellite 2 position is : 16
Satellite 1 position is : 17
Satellite 2 position is : 17
Satellite 1 position is : 18
Satellite 2 position is : 18
Satellite 1 position is : 19
Satellite 2 position is : 19
Satellite 1 position is : 20
Satellite 2 position is : 20
Satellite 1 position is : 21
Satellite 2 position is : 21
Satellite 1 position is : 22
Satellite 2 position is : 22
Satellite 1 position is : 23
Satellite 2 position is : 23
Satellite 1 position is : 0
Satellite 2 position is : 0
SAT: 1
CASE 6: satellite 1 is iddle 
SAT: 2
Charging with energy: 1
CASE 4: Satellite 2 is charging 
Satellite 1 position is : 1
Satellite 2 position is : 1
SAT: 1
CASE 6: satellite 1 is iddle 
SAT: 2
CASE 5: Satellite 2 is turning 
Satellite 1 position is : 2
Satellite 2 position is : 2
SAT: 1
CASE 6: satellite 1 is iddle 
SAT: 2
Charging with energy: 1
CASE 4: Satellite 2 is charging 
Satellite 1 position is : 3
Satellite 2 position is : 3
SAT: 1
CASE 1: observation 2 is measured by satellite 1 
SAT: 2
Satellite 1 position is : 4
Satellite 2 position is : 4
SAT: 1
Charging with energy: 1
CASE 4: Satellite 1 is charging 
SAT: 2
CASE 5: Satellite 2 is turning 
Satellite 1 position is : 5
Satellite 2 position is : 5
SAT: 1
CASE 3: observation 2 is downlinked by satellite 1 
SAT: 2
Charging with energy: 1
CASE 4: Satellite 2 is charging 
Satellite 1 position is : 6
Satellite 2 position is : 6
SAT: 1
Charging with energy: 1
CASE 4: Satellite 1 is charging 
SAT: 2
CASE 6: satellite 2 is iddle 
Satellite 1 position is : 7
Satellite 2 position is : 7
SAT: 1
CASE 6: satellite 1 is iddle 
SAT: 2
CASE 6: satellite 2 is iddle 
Satellite 1 position is : 8
Satellite 2 position is : 8
SAT: 1
CASE 6: satellite 1 is iddle 
SAT: 2
CASE 6: satellite 2 is iddle 
Satellite 1 position is : 9
Satellite 2 position is : 9
SAT: 1
CASE 6: satellite 1 is iddle 
SAT: 2
CASE 6: satellite 2 is iddle 
Satellite 1 position is : 10
Satellite 2 position is : 10
SAT: 1
CASE 6: satellite 1 is iddle 
SAT: 2
CASE 6: satellite 2 is iddle 
Satellite 1 position is : 11
Satellite 2 position is : 11
SAT: 1
CASE 6: satellite 1 is iddle 
SAT: 2
CASE 6: satellite 2 is iddle 
Satellite 1 position is : 12
Satellite 2 position is : 12
Satellite 1 position is : 13
Satellite 2 position is : 13
Satellite 1 position is : 14
Satellite 2 position is : 14
Satellite 1 position is : 15
Satellite 2 position is : 15
Satellite 1 position is : 16
Satellite 2 position is : 16
Satellite 1 position is : 17
Satellite 2 position is : 17
Satellite 1 position is : 18
Satellite 2 position is : 18
Satellite 1 position is : 19
Satellite 2 position is : 19
Satellite 1 position is : 20
Satellite 2 position is : 20
Satellite 1 position is : 21
Satellite 2 position is : 21
Satellite 1 position is : 22
Satellite 2 position is : 22
Satellite 1 position is : 23
Satellite 2 position is : 23
Satellite 1 position is : 0
Satellite 2 position is : 0
SAT: 1
CASE 6: satellite 1 is iddle 
SAT: 2
CASE 6: satellite 2 is iddle 
Satellite 1 position is : 1
Satellite 2 position is : 1
SAT: 1
CASE 6: satellite 1 is iddle 
SAT: 2
CASE 6: satellite 2 is iddle 
Satellite 1 position is : 2
Satellite 2 position is : 2
SAT: 1
CASE 6: satellite 1 is iddle 
SAT: 2
CASE 6: satellite 2 is iddle 
Satellite 1 position is : 3
Satellite 2 position is : 3
SAT: 1
CASE 1: observation 3 is measured by satellite 1 
SAT: 2
CASE 6: satellite 2 is iddle 
Satellite 1 position is : 4
Satellite 2 position is : 4
SAT: 1
Charging with energy: 1
CASE 4: Satellite 1 is charging 
SAT: 2
CASE 6: satellite 2 is iddle 
Satellite 1 position is : 5
Satellite 2 position is : 5
SAT: 1
CASE 3: observation 3 is downlinked by satellite 1 
SAT: 2
CASE 6: satellite 2 is iddle 
IT HAS FOUND THE GOAL NODE
------
downlink
------
------
iddle
------
------
downlink
------
------
iddle
------
------
downlink
------
------
iddle
------
------
downlink
------
------
iddle
------
------
downlink
------
------
iddle
------
------
downlink
------
------
iddle
------
------
downlink
------
------
iddle
------
------
downlink
------
------
iddle
------
------
downlink
------
------
iddle
------
------
downlink
------
------
iddle
------
------
downlink
------
------
iddle
------
------
downlink
------
------
iddle
------
------
downlink
------
------
iddle
------
------
downlink
------
------
iddle
------
------
downlink
------
------
iddle
------
------
downlink
------
------
iddle
------
------
downlink
------
------
iddle
------
------
downlink
------
------
iddle
------
------
downlink
------
------
iddle
------
------
downlink
------
------
iddle
------
------
downlink
------
------
iddle
------
------
downlink
------
------
iddle
------
------
downlink
------
------
iddle
------
------
downlink
------
------
iddle
------
------
downlink
------
------
iddle
------
------
downlink
------
------
iddle
------
------
downlink
------
------
iddle
------
------
downlink
------
------
iddle
------
------
downlink
------
------
iddle
------
Length of solution path: 29
